<?xml version="1.0" encoding="UTF-8"?>
<testsuite xmlns:xsi="http://www.w3.org/2001/XMLSchema-instance" xsi:noNamespaceSchemaLocation="https://maven.apache.org/surefire/maven-surefire-plugin/xsd/surefire-test-report.xsd" name="TestSuite" time="18.022" tests="2" errors="0" skipped="0" failures="1">
  <properties>
[...]
</properties>
  <testcase name="loginApp" classname="com.automation.testscripts.LoginTestCRM" time="4.904"/>
  <testcase name="validateTitle" classname="com.automation.testscripts.LoginTestCRM" time="1.024">
    <failure message="expected [true] but found [false]" type="java.lang.AssertionError">java.lang.AssertionError: expected [true] but found [false]
	at com.automation.testscripts.LoginTestCRM.validateTitle(LoginTestCRM.java:38)
</failure>
  </testcase>
</testsuite>