-------------------------------------------------------------------------------
Test set: TestSuite
-------------------------------------------------------------------------------
Tests run: 2, Failures: 1, Errors: 0, Skipped: 0, Time elapsed: 18.022 s <<< FAILURE! - in TestSuite
validateTitle(com.automation.testscripts.LoginTestCRM)  Time elapsed: 1.024 s  <<< FAILURE!
java.lang.AssertionError: expected [true] but found [false]
	at com.automation.testscripts.LoginTestCRM.validateTitle(LoginTestCRM.java:38)

